Arguments: 
  /Users/sojka/.nvm/versions/node/v8.10.0/bin/node /Users/sojka/.yarn/bin/yarn.js build

PATH: 
  /Users/sojka/.yarn/bin:/Users/sojka/.nvm/versions/node/v8.10.0/bin:/Users/sojka/Library/Android/sdk/platform-tools:/usr/local/bin:/usr/bin:/bin:/usr/sbin:/sbin:/Applications/Postgres.app/Contents/Versions/latest/bin:/Users/sojka/Library/Android/sdk/tools:/platform-tools

Yarn version: 
  1.5.1

Node version: 
  8.10.0

Platform: 
  darwin x64

npm manifest: 
  No manifest

yarn manifest: 
  No manifest

Lockfile: 
  No lockfile

Trace: 
  Error: Couldn't find a package.json file in "/Users/sojka/Documents/PIS"
      at new MessageError (/Users/sojka/.yarn/lib/cli.js:186:110)
      at /Users/sojka/.yarn/lib/cli.js:40048:15
      at Generator.next (<anonymous>)
      at step (/Users/sojka/.yarn/lib/cli.js:98:30)
      at /Users/sojka/.yarn/lib/cli.js:109:13
      at <anonymous>
